[debug] [2025-11-11T08:59:34.471Z] [Firebase Plugin] Activating Firebase extension.
[info] [Firebase Plugin] Checked firebase-tools, is up to date!
[debug] [2025-11-11T08:59:37.903Z] [Firebase Plugin] requireAuthWrapper
[debug] [2025-11-11T08:59:37.904Z] > command requires scopes: ["email","openid","https://www.googleapis.com/auth/cloudplatformprojects.readonly","https://www.googleapis.com/auth/firebase","https://www.googleapis.com/auth/cloud-platform"]
[debug] [2025-11-11T08:59:37.927Z] [Firebase Plugin] VSCode notification server listening on port 40001
[error] [Firebase Plugin] requireAuth error: Could not load the default credentials. Browse to https://cloud.google.com/docs/authentication/getting-started for more information.
[info] [Firebase Plugin] Starting Data Connect toolkit (version 2.15.0) on port 50001
[info] i  dataconnect: downloading dataconnect-emulator-2.15.0... {"metadata":{"emulator":{"name":"dataconnect"},"message":"downloading dataconnect-emulator-2.15.0..."}}
[debug] [2025-11-11T08:59:38.538Z] >>> [apiv2][query] GET https://storage.googleapis.com/firemat-preview-drop/emulator/dataconnect-emulator-linux-v2.15.0 
[debug] [2025-11-11T08:59:38.748Z] <<< [apiv2][status] GET https://storage.googleapis.com/firemat-preview-drop/emulator/dataconnect-emulator-linux-v2.15.0 200
[debug] [2025-11-11T08:59:38.749Z] <<< [apiv2][body] GET https://storage.googleapis.com/firemat-preview-drop/emulator/dataconnect-emulator-linux-v2.15.0 [stream]
[debug] [2025-11-11T08:59:39.362Z] 'fdc build' failed with error: Unable to build your Data Connect schema and connectors (exit code 1): E1111 08:59:39.360472   64572 cmd.go:43] Error loading data connect config: could not find dataconnect.yaml in `/workspaces/ayda-ai/dataconnect`
 {"metadata":{"emulator":{"name":"dataconnect"},"message":"'fdc build' failed with error: Unable to build your Data Connect schema and connectors (exit code 1): E1111 08:59:39.360472   64572 cmd.go:43] Error loading data connect config: could not find dataconnect.yaml in `/workspaces/ayda-ai/dataconnect`\n"}}
[debug] [2025-11-11T08:59:39.363Z] Ignoring unsupported arg: auto_download {"metadata":{"emulator":{"name":"dataconnect"},"message":"Ignoring unsupported arg: auto_download"}}
[debug] [2025-11-11T08:59:39.363Z] Ignoring unsupported arg: port {"metadata":{"emulator":{"name":"dataconnect"},"message":"Ignoring unsupported arg: port"}}
[debug] [2025-11-11T08:59:39.364Z] Starting Data Connect Emulator with command {"binary":"/home/codespace/.cache/firebase/emulators/dataconnect-emulator-2.15.0","args":["--logtostderr","-v=2","dev","--listen=localhost:50001","--config_dir=/workspaces/ayda-ai/dataconnect","--enable_output_schema_extensions=true","--enable_output_generated_sdk=true"],"optionalArgs":["listen","config_dir","enable_output_schema_extensions","enable_output_generated_sdk"],"joinArgs":true,"shell":false,"port":9399} {"metadata":{"emulator":{"name":"dataconnect"},"message":"Starting Data Connect Emulator with command {\"binary\":\"/home/codespace/.cache/firebase/emulators/dataconnect-emulator-2.15.0\",\"args\":[\"--logtostderr\",\"-v=2\",\"dev\",\"--listen=localhost:50001\",\"--config_dir=/workspaces/ayda-ai/dataconnect\",\"--enable_output_schema_extensions=true\",\"--enable_output_generated_sdk=true\"],\"optionalArgs\":[\"listen\",\"config_dir\",\"enable_output_schema_extensions\",\"enable_output_generated_sdk\"],\"joinArgs\":true,\"shell\":false,\"port\":9399}"}}
[info] i  dataconnect: Data Connect Emulator logging to dataconnect-debug.log {"metadata":{"emulator":{"name":"dataconnect"},"message":"Data Connect Emulator logging to dataconnect-debug.log"}}
[debug] [2025-11-11T08:59:39.409Z] E1111 08:59:39.409430   64577 dev.go:79] Failed to load initial config from "/workspaces/ayda-ai/dataconnect": could not find dataconnect.yaml in `/workspaces/ayda-ai/dataconnect`
 {"metadata":{"emulator":{"name":"dataconnect"},"message":"E1111 08:59:39.409430   64577 dev.go:79] Failed to load initial config from \"/workspaces/ayda-ai/dataconnect\": could not find dataconnect.yaml in `/workspaces/ayda-ai/dataconnect`\n"}}
[debug] [2025-11-11T08:59:39.411Z] E1111 08:59:39.410217   64577 watch.go:102] watchAllDir unable to walk dir `/workspaces/ayda-ai/dataconnect`: lstat /workspaces/ayda-ai/dataconnect: no such file or directory
I1111 08:59:39.410598   64577 dev.go:102] Listening on address (HTTP + gRPC): 127.0.0.1:50001
 {"metadata":{"emulator":{"name":"dataconnect"},"message":"E1111 08:59:39.410217   64577 watch.go:102] watchAllDir unable to walk dir `/workspaces/ayda-ai/dataconnect`: lstat /workspaces/ayda-ai/dataconnect: no such file or directory\nI1111 08:59:39.410598   64577 dev.go:102] Listening on address (HTTP + gRPC): 127.0.0.1:50001\n"}}
[error] [Firebase Plugin] error:  {}
[debug] [2025-11-11T08:59:49.416Z] E1111 08:59:49.416707   64577 watch.go:31] Failed to load config from "/workspaces/ayda-ai/dataconnect": could not find dataconnect.yaml in `/workspaces/ayda-ai/dataconnect`
 {"metadata":{"emulator":{"name":"dataconnect"},"message":"E1111 08:59:49.416707   64577 watch.go:31] Failed to load config from \"/workspaces/ayda-ai/dataconnect\": could not find dataconnect.yaml in `/workspaces/ayda-ai/dataconnect`\n"}}
[debug] [2025-11-11T08:59:59.410Z] E1111 08:59:59.410442   64577 watch.go:31] Failed to load config from "/workspaces/ayda-ai/dataconnect": could not find dataconnect.yaml in `/workspaces/ayda-ai/dataconnect`
 {"metadata":{"emulator":{"name":"dataconnect"},"message":"E1111 08:59:59.410442   64577 watch.go:31] Failed to load config from \"/workspaces/ayda-ai/dataconnect\": could not find dataconnect.yaml in `/workspaces/ayda-ai/dataconnect`\n"}}
[debug] [2025-11-11T09:00:09.412Z] E1111 09:00:09.412128   64577 watch.go:31] Failed to load config from "/workspaces/ayda-ai/dataconnect": could not find dataconnect.yaml in `/workspaces/ayda-ai/dataconnect`
 {"metadata":{"emulator":{"name":"dataconnect"},"message":"E1111 09:00:09.412128   64577 watch.go:31] Failed to load config from \"/workspaces/ayda-ai/dataconnect\": could not find dataconnect.yaml in `/workspaces/ayda-ai/dataconnect`\n"}}
[debug] [2025-11-11T09:00:19.418Z] E1111 09:00:19.418279   64577 watch.go:31] Failed to load config from "/workspaces/ayda-ai/dataconnect": could not find dataconnect.yaml in `/workspaces/ayda-ai/dataconnect`
 {"metadata":{"emulator":{"name":"dataconnect"},"message":"E1111 09:00:19.418279   64577 watch.go:31] Failed to load config from \"/workspaces/ayda-ai/dataconnect\": could not find dataconnect.yaml in `/workspaces/ayda-ai/dataconnect`\n"}}
[debug] [2025-11-11T09:00:29.419Z] E1111 09:00:29.419129   64577 watch.go:31] Failed to load config from "/workspaces/ayda-ai/dataconnect": could not find dataconnect.yaml in `/workspaces/ayda-ai/dataconnect`
 {"metadata":{"emulator":{"name":"dataconnect"},"message":"E1111 09:00:29.419129   64577 watch.go:31] Failed to load config from \"/workspaces/ayda-ai/dataconnect\": could not find dataconnect.yaml in `/workspaces/ayda-ai/dataconnect`\n"}}
[debug] [2025-11-11T09:00:39.410Z] E1111 09:00:39.410392   64577 watch.go:31] Failed to load config from "/workspaces/ayda-ai/dataconnect": could not find dataconnect.yaml in `/workspaces/ayda-ai/dataconnect`
 {"metadata":{"emulator":{"name":"dataconnect"},"message":"E1111 09:00:39.410392   64577 watch.go:31] Failed to load config from \"/workspaces/ayda-ai/dataconnect\": could not find dataconnect.yaml in `/workspaces/ayda-ai/dataconnect`\n"}}
[debug] [2025-11-11T09:00:49.419Z] E1111 09:00:49.419528   64577 watch.go:31] Failed to load config from "/workspaces/ayda-ai/dataconnect": could not find dataconnect.yaml in `/workspaces/ayda-ai/dataconnect`
 {"metadata":{"emulator":{"name":"dataconnect"},"message":"E1111 09:00:49.419528   64577 watch.go:31] Failed to load config from \"/workspaces/ayda-ai/dataconnect\": could not find dataconnect.yaml in `/workspaces/ayda-ai/dataconnect`\n"}}
[debug] [2025-11-11T09:00:59.411Z] E1111 09:00:59.411353   64577 watch.go:31] Failed to load config from "/workspaces/ayda-ai/dataconnect": could not find dataconnect.yaml in `/workspaces/ayda-ai/dataconnect`
 {"metadata":{"emulator":{"name":"dataconnect"},"message":"E1111 09:00:59.411353   64577 watch.go:31] Failed to load config from \"/workspaces/ayda-ai/dataconnect\": could not find dataconnect.yaml in `/workspaces/ayda-ai/dataconnect`\n"}}
[debug] [2025-11-11T09:01:09.410Z] E1111 09:01:09.410465   64577 watch.go:31] Failed to load config from "/workspaces/ayda-ai/dataconnect": could not find dataconnect.yaml in `/workspaces/ayda-ai/dataconnect`
 {"metadata":{"emulator":{"name":"dataconnect"},"message":"E1111 09:01:09.410465   64577 watch.go:31] Failed to load config from \"/workspaces/ayda-ai/dataconnect\": could not find dataconnect.yaml in `/workspaces/ayda-ai/dataconnect`\n"}}
[debug] [2025-11-11T09:01:19.420Z] E1111 09:01:19.420229   64577 watch.go:31] Failed to load config from "/workspaces/ayda-ai/dataconnect": could not find dataconnect.yaml in `/workspaces/ayda-ai/dataconnect`
 {"metadata":{"emulator":{"name":"dataconnect"},"message":"E1111 09:01:19.420229   64577 watch.go:31] Failed to load config from \"/workspaces/ayda-ai/dataconnect\": could not find dataconnect.yaml in `/workspaces/ayda-ai/dataconnect`\n"}}
[debug] [2025-11-11T09:01:29.411Z] E1111 09:01:29.411011   64577 watch.go:31] Failed to load config from "/workspaces/ayda-ai/dataconnect": could not find dataconnect.yaml in `/workspaces/ayda-ai/dataconnect`
 {"metadata":{"emulator":{"name":"dataconnect"},"message":"E1111 09:01:29.411011   64577 watch.go:31] Failed to load config from \"/workspaces/ayda-ai/dataconnect\": could not find dataconnect.yaml in `/workspaces/ayda-ai/dataconnect`\n"}}
[debug] [2025-11-11T09:01:39.410Z] E1111 09:01:39.410726   64577 watch.go:31] Failed to load config from "/workspaces/ayda-ai/dataconnect": could not find dataconnect.yaml in `/workspaces/ayda-ai/dataconnect`
E1111 09:01:39.410765   64577 watch.go:102] watchAllDir unable to walk dir `/workspaces/ayda-ai/dataconnect`: lstat /workspaces/ayda-ai/dataconnect: no such file or directory
 {"metadata":{"emulator":{"name":"dataconnect"},"message":"E1111 09:01:39.410726   64577 watch.go:31] Failed to load config from \"/workspaces/ayda-ai/dataconnect\": could not find dataconnect.yaml in `/workspaces/ayda-ai/dataconnect`\nE1111 09:01:39.410765   64577 watch.go:102] watchAllDir unable to walk dir `/workspaces/ayda-ai/dataconnect`: lstat /workspaces/ayda-ai/dataconnect: no such file or directory\n"}}
[debug] [2025-11-11T09:01:49.410Z] E1111 09:01:49.410586   64577 watch.go:31] Failed to load config from "/workspaces/ayda-ai/dataconnect": could not find dataconnect.yaml in `/workspaces/ayda-ai/dataconnect`
 {"metadata":{"emulator":{"name":"dataconnect"},"message":"E1111 09:01:49.410586   64577 watch.go:31] Failed to load config from \"/workspaces/ayda-ai/dataconnect\": could not find dataconnect.yaml in `/workspaces/ayda-ai/dataconnect`\n"}}
[debug] [2025-11-11T09:01:59.410Z] E1111 09:01:59.410427   64577 watch.go:31] Failed to load config from "/workspaces/ayda-ai/dataconnect": could not find dataconnect.yaml in `/workspaces/ayda-ai/dataconnect`
 {"metadata":{"emulator":{"name":"dataconnect"},"message":"E1111 09:01:59.410427   64577 watch.go:31] Failed to load config from \"/workspaces/ayda-ai/dataconnect\": could not find dataconnect.yaml in `/workspaces/ayda-ai/dataconnect`\n"}}
[debug] [2025-11-11T09:02:09.410Z] E1111 09:02:09.410534   64577 watch.go:31] Failed to load config from "/workspaces/ayda-ai/dataconnect": could not find dataconnect.yaml in `/workspaces/ayda-ai/dataconnect`
 {"metadata":{"emulator":{"name":"dataconnect"},"message":"E1111 09:02:09.410534   64577 watch.go:31] Failed to load config from \"/workspaces/ayda-ai/dataconnect\": could not find dataconnect.yaml in `/workspaces/ayda-ai/dataconnect`\n"}}
[debug] [2025-11-11T09:02:19.410Z] E1111 09:02:19.410400   64577 watch.go:31] Failed to load config from "/workspaces/ayda-ai/dataconnect": could not find dataconnect.yaml in `/workspaces/ayda-ai/dataconnect`
 {"metadata":{"emulator":{"name":"dataconnect"},"message":"E1111 09:02:19.410400   64577 watch.go:31] Failed to load config from \"/workspaces/ayda-ai/dataconnect\": could not find dataconnect.yaml in `/workspaces/ayda-ai/dataconnect`\n"}}
[debug] [2025-11-11T09:02:29.415Z] E1111 09:02:29.415116   64577 watch.go:31] Failed to load config from "/workspaces/ayda-ai/dataconnect": could not find dataconnect.yaml in `/workspaces/ayda-ai/dataconnect`
 {"metadata":{"emulator":{"name":"dataconnect"},"message":"E1111 09:02:29.415116   64577 watch.go:31] Failed to load config from \"/workspaces/ayda-ai/dataconnect\": could not find dataconnect.yaml in `/workspaces/ayda-ai/dataconnect`\n"}}
[debug] [2025-11-11T09:02:39.410Z] E1111 09:02:39.410372   64577 watch.go:31] Failed to load config from "/workspaces/ayda-ai/dataconnect": could not find dataconnect.yaml in `/workspaces/ayda-ai/dataconnect`
 {"metadata":{"emulator":{"name":"dataconnect"},"message":"E1111 09:02:39.410372   64577 watch.go:31] Failed to load config from \"/workspaces/ayda-ai/dataconnect\": could not find dataconnect.yaml in `/workspaces/ayda-ai/dataconnect`\n"}}
[debug] [2025-11-11T09:02:49.419Z] E1111 09:02:49.419130   64577 watch.go:31] Failed to load config from "/workspaces/ayda-ai/dataconnect": could not find dataconnect.yaml in `/workspaces/ayda-ai/dataconnect`
 {"metadata":{"emulator":{"name":"dataconnect"},"message":"E1111 09:02:49.419130   64577 watch.go:31] Failed to load config from \"/workspaces/ayda-ai/dataconnect\": could not find dataconnect.yaml in `/workspaces/ayda-ai/dataconnect`\n"}}
[debug] [2025-11-11T09:02:59.420Z] E1111 09:02:59.420249   64577 watch.go:31] Failed to load config from "/workspaces/ayda-ai/dataconnect": could not find dataconnect.yaml in `/workspaces/ayda-ai/dataconnect`
 {"metadata":{"emulator":{"name":"dataconnect"},"message":"E1111 09:02:59.420249   64577 watch.go:31] Failed to load config from \"/workspaces/ayda-ai/dataconnect\": could not find dataconnect.yaml in `/workspaces/ayda-ai/dataconnect`\n"}}
[debug] [2025-11-11T09:03:09.411Z] E1111 09:03:09.411315   64577 watch.go:31] Failed to load config from "/workspaces/ayda-ai/dataconnect": could not find dataconnect.yaml in `/workspaces/ayda-ai/dataconnect`
 {"metadata":{"emulator":{"name":"dataconnect"},"message":"E1111 09:03:09.411315   64577 watch.go:31] Failed to load config from \"/workspaces/ayda-ai/dataconnect\": could not find dataconnect.yaml in `/workspaces/ayda-ai/dataconnect`\n"}}
[debug] [2025-11-11T09:03:19.410Z] E1111 09:03:19.410419   64577 watch.go:31] Failed to load config from "/workspaces/ayda-ai/dataconnect": could not find dataconnect.yaml in `/workspaces/ayda-ai/dataconnect`
 {"metadata":{"emulator":{"name":"dataconnect"},"message":"E1111 09:03:19.410419   64577 watch.go:31] Failed to load config from \"/workspaces/ayda-ai/dataconnect\": could not find dataconnect.yaml in `/workspaces/ayda-ai/dataconnect`\n"}}
[debug] [2025-11-11T09:03:29.418Z] E1111 09:03:29.418166   64577 watch.go:31] Failed to load config from "/workspaces/ayda-ai/dataconnect": could not find dataconnect.yaml in `/workspaces/ayda-ai/dataconnect`
 {"metadata":{"emulator":{"name":"dataconnect"},"message":"E1111 09:03:29.418166   64577 watch.go:31] Failed to load config from \"/workspaces/ayda-ai/dataconnect\": could not find dataconnect.yaml in `/workspaces/ayda-ai/dataconnect`\n"}}
[debug] [2025-11-11T09:03:39.410Z] E1111 09:03:39.410505   64577 watch.go:31] Failed to load config from "/workspaces/ayda-ai/dataconnect": could not find dataconnect.yaml in `/workspaces/ayda-ai/dataconnect`
E1111 09:03:39.410545   64577 watch.go:102] watchAllDir unable to walk dir `/workspaces/ayda-ai/dataconnect`: lstat /workspaces/ayda-ai/dataconnect: no such file or directory
 {"metadata":{"emulator":{"name":"dataconnect"},"message":"E1111 09:03:39.410505   64577 watch.go:31] Failed to load config from \"/workspaces/ayda-ai/dataconnect\": could not find dataconnect.yaml in `/workspaces/ayda-ai/dataconnect`\nE1111 09:03:39.410545   64577 watch.go:102] watchAllDir unable to walk dir `/workspaces/ayda-ai/dataconnect`: lstat /workspaces/ayda-ai/dataconnect: no such file or directory\n"}}
[debug] [2025-11-11T09:03:49.413Z] E1111 09:03:49.413840   64577 watch.go:31] Failed to load config from "/workspaces/ayda-ai/dataconnect": could not find dataconnect.yaml in `/workspaces/ayda-ai/dataconnect`
 {"metadata":{"emulator":{"name":"dataconnect"},"message":"E1111 09:03:49.413840   64577 watch.go:31] Failed to load config from \"/workspaces/ayda-ai/dataconnect\": could not find dataconnect.yaml in `/workspaces/ayda-ai/dataconnect`\n"}}
[debug] [2025-11-11T09:03:59.410Z] E1111 09:03:59.410636   64577 watch.go:31] Failed to load config from "/workspaces/ayda-ai/dataconnect": could not find dataconnect.yaml in `/workspaces/ayda-ai/dataconnect`
 {"metadata":{"emulator":{"name":"dataconnect"},"message":"E1111 09:03:59.410636   64577 watch.go:31] Failed to load config from \"/workspaces/ayda-ai/dataconnect\": could not find dataconnect.yaml in `/workspaces/ayda-ai/dataconnect`\n"}}
[debug] [2025-11-11T09:04:09.418Z] E1111 09:04:09.410478   64577 watch.go:31] Failed to load config from "/workspaces/ayda-ai/dataconnect": could not find dataconnect.yaml in `/workspaces/ayda-ai/dataconnect`
 {"metadata":{"emulator":{"name":"dataconnect"},"message":"E1111 09:04:09.410478   64577 watch.go:31] Failed to load config from \"/workspaces/ayda-ai/dataconnect\": could not find dataconnect.yaml in `/workspaces/ayda-ai/dataconnect`\n"}}
[debug] [2025-11-11T09:04:19.417Z] E1111 09:04:19.417389   64577 watch.go:31] Failed to load config from "/workspaces/ayda-ai/dataconnect": could not find dataconnect.yaml in `/workspaces/ayda-ai/dataconnect`
 {"metadata":{"emulator":{"name":"dataconnect"},"message":"E1111 09:04:19.417389   64577 watch.go:31] Failed to load config from \"/workspaces/ayda-ai/dataconnect\": could not find dataconnect.yaml in `/workspaces/ayda-ai/dataconnect`\n"}}
[debug] [2025-11-11T09:04:29.418Z] E1111 09:04:29.418763   64577 watch.go:31] Failed to load config from "/workspaces/ayda-ai/dataconnect": could not find dataconnect.yaml in `/workspaces/ayda-ai/dataconnect`
 {"metadata":{"emulator":{"name":"dataconnect"},"message":"E1111 09:04:29.418763   64577 watch.go:31] Failed to load config from \"/workspaces/ayda-ai/dataconnect\": could not find dataconnect.yaml in `/workspaces/ayda-ai/dataconnect`\n"}}
[debug] [2025-11-11T09:04:39.411Z] E1111 09:04:39.410917   64577 watch.go:31] Failed to load config from "/workspaces/ayda-ai/dataconnect": could not find dataconnect.yaml in `/workspaces/ayda-ai/dataconnect`
 {"metadata":{"emulator":{"name":"dataconnect"},"message":"E1111 09:04:39.410917   64577 watch.go:31] Failed to load config from \"/workspaces/ayda-ai/dataconnect\": could not find dataconnect.yaml in `/workspaces/ayda-ai/dataconnect`\n"}}
[debug] [2025-11-11T09:04:49.410Z] E1111 09:04:49.410432   64577 watch.go:31] Failed to load config from "/workspaces/ayda-ai/dataconnect": could not find dataconnect.yaml in `/workspaces/ayda-ai/dataconnect`
 {"metadata":{"emulator":{"name":"dataconnect"},"message":"E1111 09:04:49.410432   64577 watch.go:31] Failed to load config from \"/workspaces/ayda-ai/dataconnect\": could not find dataconnect.yaml in `/workspaces/ayda-ai/dataconnect`\n"}}
[debug] [2025-11-11T09:04:59.410Z] E1111 09:04:59.410395   64577 watch.go:31] Failed to load config from "/workspaces/ayda-ai/dataconnect": could not find dataconnect.yaml in `/workspaces/ayda-ai/dataconnect`
 {"metadata":{"emulator":{"name":"dataconnect"},"message":"E1111 09:04:59.410395   64577 watch.go:31] Failed to load config from \"/workspaces/ayda-ai/dataconnect\": could not find dataconnect.yaml in `/workspaces/ayda-ai/dataconnect`\n"}}
[debug] [2025-11-11T09:05:09.410Z] E1111 09:05:09.410579   64577 watch.go:31] Failed to load config from "/workspaces/ayda-ai/dataconnect": could not find dataconnect.yaml in `/workspaces/ayda-ai/dataconnect`
 {"metadata":{"emulator":{"name":"dataconnect"},"message":"E1111 09:05:09.410579   64577 watch.go:31] Failed to load config from \"/workspaces/ayda-ai/dataconnect\": could not find dataconnect.yaml in `/workspaces/ayda-ai/dataconnect`\n"}}
[debug] [2025-11-11T09:05:19.410Z] E1111 09:05:19.410635   64577 watch.go:31] Failed to load config from "/workspaces/ayda-ai/dataconnect": could not find dataconnect.yaml in `/workspaces/ayda-ai/dataconnect`
 {"metadata":{"emulator":{"name":"dataconnect"},"message":"E1111 09:05:19.410635   64577 watch.go:31] Failed to load config from \"/workspaces/ayda-ai/dataconnect\": could not find dataconnect.yaml in `/workspaces/ayda-ai/dataconnect`\n"}}
[debug] [2025-11-11T09:05:29.418Z] E1111 09:05:29.418141   64577 watch.go:31] Failed to load config from "/workspaces/ayda-ai/dataconnect": could not find dataconnect.yaml in `/workspaces/ayda-ai/dataconnect`
 {"metadata":{"emulator":{"name":"dataconnect"},"message":"E1111 09:05:29.418141   64577 watch.go:31] Failed to load config from \"/workspaces/ayda-ai/dataconnect\": could not find dataconnect.yaml in `/workspaces/ayda-ai/dataconnect`\n"}}
[debug] [2025-11-11T09:05:39.410Z] E1111 09:05:39.410544   64577 watch.go:31] Failed to load config from "/workspaces/ayda-ai/dataconnect": could not find dataconnect.yaml in `/workspaces/ayda-ai/dataconnect`
E1111 09:05:39.410587   64577 watch.go:102] watchAllDir unable to walk dir `/workspaces/ayda-ai/dataconnect`: lstat /workspaces/ayda-ai/dataconnect: no such file or directory
 {"metadata":{"emulator":{"name":"dataconnect"},"message":"E1111 09:05:39.410544   64577 watch.go:31] Failed to load config from \"/workspaces/ayda-ai/dataconnect\": could not find dataconnect.yaml in `/workspaces/ayda-ai/dataconnect`\nE1111 09:05:39.410587   64577 watch.go:102] watchAllDir unable to walk dir `/workspaces/ayda-ai/dataconnect`: lstat /workspaces/ayda-ai/dataconnect: no such file or directory\n"}}
[debug] [2025-11-11T09:05:49.416Z] E1111 09:05:49.416135   64577 watch.go:31] Failed to load config from "/workspaces/ayda-ai/dataconnect": could not find dataconnect.yaml in `/workspaces/ayda-ai/dataconnect`
 {"metadata":{"emulator":{"name":"dataconnect"},"message":"E1111 09:05:49.416135   64577 watch.go:31] Failed to load config from \"/workspaces/ayda-ai/dataconnect\": could not find dataconnect.yaml in `/workspaces/ayda-ai/dataconnect`\n"}}
[debug] [2025-11-11T09:05:59.418Z] E1111 09:05:59.418308   64577 watch.go:31] Failed to load config from "/workspaces/ayda-ai/dataconnect": could not find dataconnect.yaml in `/workspaces/ayda-ai/dataconnect`
 {"metadata":{"emulator":{"name":"dataconnect"},"message":"E1111 09:05:59.418308   64577 watch.go:31] Failed to load config from \"/workspaces/ayda-ai/dataconnect\": could not find dataconnect.yaml in `/workspaces/ayda-ai/dataconnect`\n"}}
[debug] [2025-11-11T09:06:09.410Z] E1111 09:06:09.410377   64577 watch.go:31] Failed to load config from "/workspaces/ayda-ai/dataconnect": could not find dataconnect.yaml in `/workspaces/ayda-ai/dataconnect`
 {"metadata":{"emulator":{"name":"dataconnect"},"message":"E1111 09:06:09.410377   64577 watch.go:31] Failed to load config from \"/workspaces/ayda-ai/dataconnect\": could not find dataconnect.yaml in `/workspaces/ayda-ai/dataconnect`\n"}}
[debug] [2025-11-11T09:06:19.418Z] E1111 09:06:19.418514   64577 watch.go:31] Failed to load config from "/workspaces/ayda-ai/dataconnect": could not find dataconnect.yaml in `/workspaces/ayda-ai/dataconnect`
 {"metadata":{"emulator":{"name":"dataconnect"},"message":"E1111 09:06:19.418514   64577 watch.go:31] Failed to load config from \"/workspaces/ayda-ai/dataconnect\": could not find dataconnect.yaml in `/workspaces/ayda-ai/dataconnect`\n"}}
[debug] [2025-11-11T09:06:29.419Z] E1111 09:06:29.419553   64577 watch.go:31] Failed to load config from "/workspaces/ayda-ai/dataconnect": could not find dataconnect.yaml in `/workspaces/ayda-ai/dataconnect`
 {"metadata":{"emulator":{"name":"dataconnect"},"message":"E1111 09:06:29.419553   64577 watch.go:31] Failed to load config from \"/workspaces/ayda-ai/dataconnect\": could not find dataconnect.yaml in `/workspaces/ayda-ai/dataconnect`\n"}}
[debug] [2025-11-11T09:06:39.410Z] E1111 09:06:39.410742   64577 watch.go:31] Failed to load config from "/workspaces/ayda-ai/dataconnect": could not find dataconnect.yaml in `/workspaces/ayda-ai/dataconnect`
 {"metadata":{"emulator":{"name":"dataconnect"},"message":"E1111 09:06:39.410742   64577 watch.go:31] Failed to load config from \"/workspaces/ayda-ai/dataconnect\": could not find dataconnect.yaml in `/workspaces/ayda-ai/dataconnect`\n"}}
[debug] [2025-11-11T09:06:49.418Z] E1111 09:06:49.418164   64577 watch.go:31] Failed to load config from "/workspaces/ayda-ai/dataconnect": could not find dataconnect.yaml in `/workspaces/ayda-ai/dataconnect`
 {"metadata":{"emulator":{"name":"dataconnect"},"message":"E1111 09:06:49.418164   64577 watch.go:31] Failed to load config from \"/workspaces/ayda-ai/dataconnect\": could not find dataconnect.yaml in `/workspaces/ayda-ai/dataconnect`\n"}}
[debug] [2025-11-11T09:06:59.413Z] E1111 09:06:59.413134   64577 watch.go:31] Failed to load config from "/workspaces/ayda-ai/dataconnect": could not find dataconnect.yaml in `/workspaces/ayda-ai/dataconnect`
 {"metadata":{"emulator":{"name":"dataconnect"},"message":"E1111 09:06:59.413134   64577 watch.go:31] Failed to load config from \"/workspaces/ayda-ai/dataconnect\": could not find dataconnect.yaml in `/workspaces/ayda-ai/dataconnect`\n"}}
[debug] [2025-11-11T09:07:09.411Z] E1111 09:07:09.411307   64577 watch.go:31] Failed to load config from "/workspaces/ayda-ai/dataconnect": could not find dataconnect.yaml in `/workspaces/ayda-ai/dataconnect`
 {"metadata":{"emulator":{"name":"dataconnect"},"message":"E1111 09:07:09.411307   64577 watch.go:31] Failed to load config from \"/workspaces/ayda-ai/dataconnect\": could not find dataconnect.yaml in `/workspaces/ayda-ai/dataconnect`\n"}}
[debug] [2025-11-11T09:07:19.414Z] E1111 09:07:19.413949   64577 watch.go:31] Failed to load config from "/workspaces/ayda-ai/dataconnect": could not find dataconnect.yaml in `/workspaces/ayda-ai/dataconnect`
 {"metadata":{"emulator":{"name":"dataconnect"},"message":"E1111 09:07:19.413949   64577 watch.go:31] Failed to load config from \"/workspaces/ayda-ai/dataconnect\": could not find dataconnect.yaml in `/workspaces/ayda-ai/dataconnect`\n"}}
[debug] [2025-11-11T09:07:29.415Z] E1111 09:07:29.415472   64577 watch.go:31] Failed to load config from "/workspaces/ayda-ai/dataconnect": could not find dataconnect.yaml in `/workspaces/ayda-ai/dataconnect`
 {"metadata":{"emulator":{"name":"dataconnect"},"message":"E1111 09:07:29.415472   64577 watch.go:31] Failed to load config from \"/workspaces/ayda-ai/dataconnect\": could not find dataconnect.yaml in `/workspaces/ayda-ai/dataconnect`\n"}}
[debug] [2025-11-11T09:07:39.410Z] E1111 09:07:39.410753   64577 watch.go:102] watchAllDir unable to walk dir `/workspaces/ayda-ai/dataconnect`: lstat /workspaces/ayda-ai/dataconnect: no such file or directory
E1111 09:07:39.410819   64577 watch.go:31] Failed to load config from "/workspaces/ayda-ai/dataconnect": could not find dataconnect.yaml in `/workspaces/ayda-ai/dataconnect`
 {"metadata":{"emulator":{"name":"dataconnect"},"message":"E1111 09:07:39.410753   64577 watch.go:102] watchAllDir unable to walk dir `/workspaces/ayda-ai/dataconnect`: lstat /workspaces/ayda-ai/dataconnect: no such file or directory\nE1111 09:07:39.410819   64577 watch.go:31] Failed to load config from \"/workspaces/ayda-ai/dataconnect\": could not find dataconnect.yaml in `/workspaces/ayda-ai/dataconnect`\n"}}
[debug] [2025-11-11T09:07:49.418Z] E1111 09:07:49.418273   64577 watch.go:31] Failed to load config from "/workspaces/ayda-ai/dataconnect": could not find dataconnect.yaml in `/workspaces/ayda-ai/dataconnect`
 {"metadata":{"emulator":{"name":"dataconnect"},"message":"E1111 09:07:49.418273   64577 watch.go:31] Failed to load config from \"/workspaces/ayda-ai/dataconnect\": could not find dataconnect.yaml in `/workspaces/ayda-ai/dataconnect`\n"}}
[debug] [2025-11-11T09:07:59.419Z] E1111 09:07:59.419385   64577 watch.go:31] Failed to load config from "/workspaces/ayda-ai/dataconnect": could not find dataconnect.yaml in `/workspaces/ayda-ai/dataconnect`
 {"metadata":{"emulator":{"name":"dataconnect"},"message":"E1111 09:07:59.419385   64577 watch.go:31] Failed to load config from \"/workspaces/ayda-ai/dataconnect\": could not find dataconnect.yaml in `/workspaces/ayda-ai/dataconnect`\n"}}
[debug] [2025-11-11T09:08:09.410Z] E1111 09:08:09.410611   64577 watch.go:31] Failed to load config from "/workspaces/ayda-ai/dataconnect": could not find dataconnect.yaml in `/workspaces/ayda-ai/dataconnect`
 {"metadata":{"emulator":{"name":"dataconnect"},"message":"E1111 09:08:09.410611   64577 watch.go:31] Failed to load config from \"/workspaces/ayda-ai/dataconnect\": could not find dataconnect.yaml in `/workspaces/ayda-ai/dataconnect`\n"}}
[debug] [2025-11-11T09:08:19.410Z] E1111 09:08:19.410412   64577 watch.go:31] Failed to load config from "/workspaces/ayda-ai/dataconnect": could not find dataconnect.yaml in `/workspaces/ayda-ai/dataconnect`
 {"metadata":{"emulator":{"name":"dataconnect"},"message":"E1111 09:08:19.410412   64577 watch.go:31] Failed to load config from \"/workspaces/ayda-ai/dataconnect\": could not find dataconnect.yaml in `/workspaces/ayda-ai/dataconnect`\n"}}
[debug] [2025-11-11T09:08:29.412Z] E1111 09:08:29.411869   64577 watch.go:31] Failed to load config from "/workspaces/ayda-ai/dataconnect": could not find dataconnect.yaml in `/workspaces/ayda-ai/dataconnect`
 {"metadata":{"emulator":{"name":"dataconnect"},"message":"E1111 09:08:29.411869   64577 watch.go:31] Failed to load config from \"/workspaces/ayda-ai/dataconnect\": could not find dataconnect.yaml in `/workspaces/ayda-ai/dataconnect`\n"}}
